2023-05-29T15:03:59.533+05:30  INFO 49593 --- [restartedMain] com.loan_system.lls.LlsApplication       : Starting LlsApplication using Java 17.0.7 with PID 49593 (/home/aniket/Documents/Loan System/lls/target/classes started by aniket in /home/aniket/Documents/Loan System/lls)
2023-05-29T15:03:59.540+05:30 DEBUG 49593 --- [restartedMain] com.loan_system.lls.LlsApplication       : Running with Spring Boot v3.0.6, Spring v6.0.8
2023-05-29T15:03:59.542+05:30  INFO 49593 --- [restartedMain] com.loan_system.lls.LlsApplication       : No active profile set, falling back to 1 default profile: "default"
2023-05-29T15:03:59.717+05:30  INFO 49593 --- [restartedMain] .e.DevToolsPropertyDefaultsPostProcessor : Devtools property defaults active! Set 'spring.devtools.add-properties' to 'false' to disable
2023-05-29T15:03:59.718+05:30  INFO 49593 --- [restartedMain] .e.DevToolsPropertyDefaultsPostProcessor : For additional web related logging consider setting the 'logging.level.web' property to 'DEBUG'
2023-05-29T15:04:01.180+05:30  INFO 49593 --- [restartedMain] .s.d.r.c.RepositoryConfigurationDelegate : Multiple Spring Data modules found, entering strict repository configuration mode
2023-05-29T15:04:01.180+05:30  INFO 49593 --- [restartedMain] .s.d.r.c.RepositoryConfigurationDelegate : Bootstrapping Spring Data JPA repositories in DEFAULT mode.
2023-05-29T15:04:01.395+05:30  INFO 49593 --- [restartedMain] .s.d.r.c.RepositoryConfigurationDelegate : Finished Spring Data repository scanning in 204 ms. Found 4 JPA repository interfaces.
2023-05-29T15:04:02.024+05:30  INFO 49593 --- [restartedMain] .s.d.r.c.RepositoryConfigurationDelegate : Multiple Spring Data modules found, entering strict repository configuration mode
2023-05-29T15:04:02.026+05:30  INFO 49593 --- [restartedMain] .s.d.r.c.RepositoryConfigurationDelegate : Bootstrapping Spring Data Redis repositories in DEFAULT mode.
2023-05-29T15:04:02.089+05:30  INFO 49593 --- [restartedMain] .RepositoryConfigurationExtensionSupport : Spring Data Redis - Could not safely identify store assignment for repository candidate interface com.loan_system.lls.repository.LoanRepository; If you want this repository to be a Redis repository, consider annotating your entities with one of these annotations: org.springframework.data.redis.core.RedisHash (preferred), or consider extending one of the following types with your repository: org.springframework.data.keyvalue.repository.KeyValueRepository
2023-05-29T15:04:02.094+05:30  INFO 49593 --- [restartedMain] .RepositoryConfigurationExtensionSupport : Spring Data Redis - Could not safely identify store assignment for repository candidate interface com.loan_system.lls.repository.LoanTypeRepository; If you want this repository to be a Redis repository, consider annotating your entities with one of these annotations: org.springframework.data.redis.core.RedisHash (preferred), or consider extending one of the following types with your repository: org.springframework.data.keyvalue.repository.KeyValueRepository
2023-05-29T15:04:02.097+05:30  INFO 49593 --- [restartedMain] .RepositoryConfigurationExtensionSupport : Spring Data Redis - Could not safely identify store assignment for repository candidate interface com.loan_system.lls.repository.UserDataRepo; If you want this repository to be a Redis repository, consider annotating your entities with one of these annotations: org.springframework.data.redis.core.RedisHash (preferred), or consider extending one of the following types with your repository: org.springframework.data.keyvalue.repository.KeyValueRepository
2023-05-29T15:04:02.098+05:30  INFO 49593 --- [restartedMain] .RepositoryConfigurationExtensionSupport : Spring Data Redis - Could not safely identify store assignment for repository candidate interface com.loan_system.lls.token.TokenRepository; If you want this repository to be a Redis repository, consider annotating your entities with one of these annotations: org.springframework.data.redis.core.RedisHash (preferred), or consider extending one of the following types with your repository: org.springframework.data.keyvalue.repository.KeyValueRepository
2023-05-29T15:04:02.098+05:30  INFO 49593 --- [restartedMain] .s.d.r.c.RepositoryConfigurationDelegate : Finished Spring Data repository scanning in 57 ms. Found 0 Redis repository interfaces.
2023-05-29T15:04:03.150+05:30  INFO 49593 --- [restartedMain] o.s.b.w.embedded.tomcat.TomcatWebServer  : Tomcat initialized with port(s): 8080 (http)
2023-05-29T15:04:03.161+05:30  INFO 49593 --- [restartedMain] o.apache.catalina.core.StandardService   : Starting service [Tomcat]
2023-05-29T15:04:03.162+05:30  INFO 49593 --- [restartedMain] o.apache.catalina.core.StandardEngine    : Starting Servlet engine: [Apache Tomcat/10.1.8]
2023-05-29T15:04:03.252+05:30  INFO 49593 --- [restartedMain] o.a.c.c.C.[Tomcat].[localhost].[/]       : Initializing Spring embedded WebApplicationContext
2023-05-29T15:04:03.253+05:30  INFO 49593 --- [restartedMain] w.s.c.ServletWebServerApplicationContext : Root WebApplicationContext: initialization completed in 3534 ms
2023-05-29T15:04:03.609+05:30  INFO 49593 --- [restartedMain] o.hibernate.jpa.internal.util.LogHelper  : HHH000204: Processing PersistenceUnitInfo [name: default]
2023-05-29T15:04:03.675+05:30  INFO 49593 --- [restartedMain] org.hibernate.Version                    : HHH000412: Hibernate ORM core version 6.1.7.Final
2023-05-29T15:04:04.078+05:30  INFO 49593 --- [restartedMain] com.zaxxer.hikari.HikariDataSource       : HikariPool-1 - Starting...
2023-05-29T15:04:04.414+05:30  INFO 49593 --- [restartedMain] com.zaxxer.hikari.pool.HikariPool        : HikariPool-1 - Added connection org.postgresql.jdbc.PgConnection@531ea4d
2023-05-29T15:04:04.417+05:30  INFO 49593 --- [restartedMain] com.zaxxer.hikari.HikariDataSource       : HikariPool-1 - Start completed.
2023-05-29T15:04:04.450+05:30  INFO 49593 --- [restartedMain] SQL dialect                              : HHH000400: Using dialect: org.hibernate.dialect.PostgreSQLDialect
2023-05-29T15:04:06.020+05:30  INFO 49593 --- [restartedMain] o.h.e.t.j.p.i.JtaPlatformInitiator       : HHH000490: Using JtaPlatform implementation: [org.hibernate.engine.transaction.jta.platform.internal.NoJtaPlatform]
2023-05-29T15:04:06.029+05:30  INFO 49593 --- [restartedMain] j.LocalContainerEntityManagerFactoryBean : Initialized JPA EntityManagerFactory for persistence unit 'default'
2023-05-29T15:04:06.820+05:30 DEBUG 49593 --- [restartedMain] c.l.l.security.JwtAuthenticationFilter   : Filter 'jwtAuthenticationFilter' configured for use
2023-05-29T15:04:06.822+05:30 DEBUG 49593 --- [restartedMain] c.loan_system.lls.logger.LoggingFilter   : Filter 'loggingFilter' configured for use
2023-05-29T15:04:07.525+05:30  WARN 49593 --- [restartedMain] JpaBaseConfiguration$JpaWebConfiguration : spring.jpa.open-in-view is enabled by default. Therefore, database queries may be performed during view rendering. Explicitly configure spring.jpa.open-in-view to disable this warning
2023-05-29T15:04:07.623+05:30 DEBUG 49593 --- [restartedMain] c.l.lls.security.SecurityConfiguration   : In securityFilterChain() -> SecurityConfiguration.java 
2023-05-29T15:04:08.021+05:30  INFO 49593 --- [restartedMain] o.s.b.a.e.web.EndpointLinksResolver      : Exposing 1 endpoint(s) beneath base path '/actuator'
2023-05-29T15:04:08.124+05:30  INFO 49593 --- [restartedMain] o.s.s.web.DefaultSecurityFilterChain     : Will secure any request with [org.springframework.security.web.session.DisableEncodeUrlFilter@2d82d028, org.springframework.security.web.context.request.async.WebAsyncManagerIntegrationFilter@6f3813b, org.springframework.security.web.context.SecurityContextHolderFilter@12ec213f, org.springframework.security.web.header.HeaderWriterFilter@3e62dd2a, org.springframework.security.web.authentication.logout.LogoutFilter@6dc50800, com.loan_system.lls.security.JwtAuthenticationFilter@1b47313c, org.springframework.security.web.savedrequest.RequestCacheAwareFilter@6bf1c479, org.springframework.security.web.servletapi.SecurityContextHolderAwareRequestFilter@131f835e, org.springframework.security.web.authentication.AnonymousAuthenticationFilter@5cde6ce3, org.springframework.security.web.session.SessionManagementFilter@71032922, org.springframework.security.web.access.ExceptionTranslationFilter@64e3d49c, org.springframework.security.web.access.intercept.AuthorizationFilter@54eff6bd]
2023-05-29T15:04:08.775+05:30  INFO 49593 --- [RMI TCP Connection(1)-127.0.0.1] o.a.c.c.C.[Tomcat].[localhost].[/]       : Initializing Spring DispatcherServlet 'dispatcherServlet'
2023-05-29T15:04:08.775+05:30  INFO 49593 --- [RMI TCP Connection(1)-127.0.0.1] o.s.web.servlet.DispatcherServlet        : Initializing Servlet 'dispatcherServlet'
2023-05-29T15:04:08.783+05:30  INFO 49593 --- [RMI TCP Connection(1)-127.0.0.1] o.s.web.servlet.DispatcherServlet        : Completed initialization in 7 ms
2023-05-29T15:04:08.839+05:30  WARN 49593 --- [restartedMain] o.s.b.d.a.OptionalLiveReloadServer       : Unable to start LiveReload server
2023-05-29T15:04:08.996+05:30  INFO 49593 --- [restartedMain] o.s.b.w.embedded.tomcat.TomcatWebServer  : Tomcat started on port(s): 8080 (http) with context path ''
2023-05-29T15:04:09.072+05:30  INFO 49593 --- [restartedMain] com.loan_system.lls.LlsApplication       : Started LlsApplication in 10.24 seconds (process running for 11.083)
2023-05-29T15:07:06.210+05:30  INFO 49593 --- [SpringApplicationShutdownHook] j.LocalContainerEntityManagerFactoryBean : Closing JPA EntityManagerFactory for persistence unit 'default'
2023-05-29T15:07:06.216+05:30  INFO 49593 --- [SpringApplicationShutdownHook] com.zaxxer.hikari.HikariDataSource       : HikariPool-1 - Shutdown initiated...
2023-05-29T15:07:06.224+05:30  INFO 49593 --- [SpringApplicationShutdownHook] com.zaxxer.hikari.HikariDataSource       : HikariPool-1 - Shutdown completed.
